  022.houghcircle.cpp
C:\Users\Admin\Desktop\opencv\Project\8.29\022.houghcircle\022.houghcircle.cpp(30,32): warning C4244:  “参数”: 从“_Tp”转换到“_Tp”，可能丢失数据
C:\Users\Admin\Desktop\opencv\Project\8.29\022.houghcircle\022.houghcircle.cpp(30,32): warning C4244:         with
C:\Users\Admin\Desktop\opencv\Project\8.29\022.houghcircle\022.houghcircle.cpp(30,32): warning C4244:         [
C:\Users\Admin\Desktop\opencv\Project\8.29\022.houghcircle\022.houghcircle.cpp(30,32): warning C4244:             _Tp=float
C:\Users\Admin\Desktop\opencv\Project\8.29\022.houghcircle\022.houghcircle.cpp(30,32): warning C4244:         ]
C:\Users\Admin\Desktop\opencv\Project\8.29\022.houghcircle\022.houghcircle.cpp(30,32): warning C4244:         and
C:\Users\Admin\Desktop\opencv\Project\8.29\022.houghcircle\022.houghcircle.cpp(30,32): warning C4244:         [
C:\Users\Admin\Desktop\opencv\Project\8.29\022.houghcircle\022.houghcircle.cpp(30,32): warning C4244:             _Tp=int
C:\Users\Admin\Desktop\opencv\Project\8.29\022.houghcircle\022.houghcircle.cpp(30,32): warning C4244:         ]
C:\Users\Admin\Desktop\opencv\Project\8.29\022.houghcircle\022.houghcircle.cpp(30,25): warning C4244:  “参数”: 从“_Tp”转换到“_Tp”，可能丢失数据
C:\Users\Admin\Desktop\opencv\Project\8.29\022.houghcircle\022.houghcircle.cpp(30,25): warning C4244:         with
C:\Users\Admin\Desktop\opencv\Project\8.29\022.houghcircle\022.houghcircle.cpp(30,25): warning C4244:         [
C:\Users\Admin\Desktop\opencv\Project\8.29\022.houghcircle\022.houghcircle.cpp(30,25): warning C4244:             _Tp=float
C:\Users\Admin\Desktop\opencv\Project\8.29\022.houghcircle\022.houghcircle.cpp(30,25): warning C4244:         ]
C:\Users\Admin\Desktop\opencv\Project\8.29\022.houghcircle\022.houghcircle.cpp(30,25): warning C4244:         and
C:\Users\Admin\Desktop\opencv\Project\8.29\022.houghcircle\022.houghcircle.cpp(30,25): warning C4244:         [
C:\Users\Admin\Desktop\opencv\Project\8.29\022.houghcircle\022.houghcircle.cpp(30,25): warning C4244:             _Tp=int
C:\Users\Admin\Desktop\opencv\Project\8.29\022.houghcircle\022.houghcircle.cpp(30,25): warning C4244:         ]
C:\Users\Admin\Desktop\opencv\Project\8.29\022.houghcircle\022.houghcircle.cpp(30,40): warning C4244:  “参数”: 从“_Tp”转换到“int”，可能丢失数据
C:\Users\Admin\Desktop\opencv\Project\8.29\022.houghcircle\022.houghcircle.cpp(30,40): warning C4244:         with
C:\Users\Admin\Desktop\opencv\Project\8.29\022.houghcircle\022.houghcircle.cpp(30,40): warning C4244:         [
C:\Users\Admin\Desktop\opencv\Project\8.29\022.houghcircle\022.houghcircle.cpp(30,40): warning C4244:             _Tp=float
C:\Users\Admin\Desktop\opencv\Project\8.29\022.houghcircle\022.houghcircle.cpp(30,40): warning C4244:         ]
C:\Users\Admin\Desktop\opencv\Project\8.29\022.houghcircle\022.houghcircle.cpp(31,32): warning C4244:  “参数”: 从“_Tp”转换到“_Tp”，可能丢失数据
C:\Users\Admin\Desktop\opencv\Project\8.29\022.houghcircle\022.houghcircle.cpp(31,32): warning C4244:         with
C:\Users\Admin\Desktop\opencv\Project\8.29\022.houghcircle\022.houghcircle.cpp(31,32): warning C4244:         [
C:\Users\Admin\Desktop\opencv\Project\8.29\022.houghcircle\022.houghcircle.cpp(31,32): warning C4244:             _Tp=float
C:\Users\Admin\Desktop\opencv\Project\8.29\022.houghcircle\022.houghcircle.cpp(31,32): warning C4244:         ]
C:\Users\Admin\Desktop\opencv\Project\8.29\022.houghcircle\022.houghcircle.cpp(31,32): warning C4244:         and
C:\Users\Admin\Desktop\opencv\Project\8.29\022.houghcircle\022.houghcircle.cpp(31,32): warning C4244:         [
C:\Users\Admin\Desktop\opencv\Project\8.29\022.houghcircle\022.houghcircle.cpp(31,32): warning C4244:             _Tp=int
C:\Users\Admin\Desktop\opencv\Project\8.29\022.houghcircle\022.houghcircle.cpp(31,32): warning C4244:         ]
C:\Users\Admin\Desktop\opencv\Project\8.29\022.houghcircle\022.houghcircle.cpp(31,25): warning C4244:  “参数”: 从“_Tp”转换到“_Tp”，可能丢失数据
C:\Users\Admin\Desktop\opencv\Project\8.29\022.houghcircle\022.houghcircle.cpp(31,25): warning C4244:         with
C:\Users\Admin\Desktop\opencv\Project\8.29\022.houghcircle\022.houghcircle.cpp(31,25): warning C4244:         [
C:\Users\Admin\Desktop\opencv\Project\8.29\022.houghcircle\022.houghcircle.cpp(31,25): warning C4244:             _Tp=float
C:\Users\Admin\Desktop\opencv\Project\8.29\022.houghcircle\022.houghcircle.cpp(31,25): warning C4244:         ]
C:\Users\Admin\Desktop\opencv\Project\8.29\022.houghcircle\022.houghcircle.cpp(31,25): warning C4244:         and
C:\Users\Admin\Desktop\opencv\Project\8.29\022.houghcircle\022.houghcircle.cpp(31,25): warning C4244:         [
C:\Users\Admin\Desktop\opencv\Project\8.29\022.houghcircle\022.houghcircle.cpp(31,25): warning C4244:             _Tp=int
C:\Users\Admin\Desktop\opencv\Project\8.29\022.houghcircle\022.houghcircle.cpp(31,25): warning C4244:         ]
  022.houghcircle.vcxproj -> C:\Users\Admin\Desktop\opencv\Project\8.29\x64\Debug\022.houghcircle.exe
